
Showing logs for build [32mmathieucasse-environment-jenkin-k778b-1[0m stage [32mfrom-build-pack[0m and container [32mstep-credential-initializer-szcrd[0m
{"level":"info","ts":1590063940.7972193,"logger":"fallback-logger","caller":"logging/config.go:69","msg":"Fetch GitHub commit ID from kodata failed: open /var/run/ko/refs/heads/0.8.0-ns-support: no such file or directory"}
{"level":"info","ts":1590063940.7981694,"logger":"fallback-logger","caller":"creds-init/main.go:40","msg":"Credentials initialized."}

Showing logs for build [32mmathieucasse-environment-jenkin-k778b-1[0m stage [32mfrom-build-pack[0m and container [32mstep-working-dir-initializer-tqphz[0m
{"level":"info","ts":1590063941.7475727,"logger":"fallback-logger","caller":"logging/config.go:69","msg":"Fetch GitHub commit ID from kodata failed: open /var/run/ko/HEAD: no such file or directory"}
{"level":"info","ts":1590063941.74921,"logger":"fallback-logger","caller":"bash/main.go:64","msg":"Successfully executed command \"sh -c mkdir -p /workspace/source\"; output "}

Showing logs for build [32mmathieucasse-environment-jenkin-k778b-1[0m stage [32mfrom-build-pack[0m and container [32mstep-place-tools[0m

Showing logs for build [32mmathieucasse-environment-jenkin-k778b-1[0m stage [32mfrom-build-pack[0m and container [32mstep-git-source-mathieucasse-environment-jenkin-k778b-pbnzb[0m
{"level":"info","ts":1590063946.9479132,"logger":"fallback-logger","caller":"logging/config.go:69","msg":"Fetch GitHub commit ID from kodata failed: open /var/run/ko/refs/heads/0.8.0-ns-support: no such file or directory"}
{"level":"info","ts":1590063947.9934125,"logger":"fallback-logger","caller":"git/git.go:103","msg":"Successfully cloned https://github.com/************/environment-********-production.git @ master in path /workspace/source"}

Showing logs for build [32mmathieucasse-environment-jenkin-k778b-1[0m stage [32mfrom-build-pack[0m and container [32mstep-git-merge[0m
Using SHAs from PULL_REFS=master:961b66af62d0200b4605185661fbcc2530706e3b,1:534209ea90511c640c9c4b516086590dd4287666
DEBUG: LC_ALL=C JX_LOG_LEVEL=error git fetch origin --unshallow 534209ea90511c640c9c4b516086590dd4287666: 961b66af62d0200b4605185661fbcc2530706e3b:
DEBUG: ran git fetch --unshallow origin 534209ea90511c640c9c4b516086590dd4287666: 961b66af62d0200b4605185661fbcc2530706e3b: in 
DEBUG: LC_ALL=C JX_LOG_LEVEL=error git branch
DEBUG: LC_ALL=C JX_LOG_LEVEL=error git checkout master
DEBUG: ran git checkout master in 
DEBUG: LC_ALL=C JX_LOG_LEVEL=error git reset --hard 961b66af62d0200b4605185661fbcc2530706e3b
DEBUG: ran git reset --hard 961b66af62d0200b4605185661fbcc2530706e3b in 
DEBUG: JX_LOG_LEVEL=error LC_ALL=C git clean -fd .
DEBUG: ran clean --force -d . in 
DEBUG: LC_ALL=C JX_LOG_LEVEL=error git merge 534209ea90511c640c9c4b516086590dd4287666
DEBUG: ran git merge 534209ea90511c640c9c4b516086590dd4287666 in 
DEBUG: LC_ALL=C JX_LOG_LEVEL=error git log --format=%H%x1f%an%x1f%ae%x1f%cn%x1f%ce%x1f%s%n%b%x1e 961b66af62d0200b4605185661fbcc2530706e3b..HEAD
Merged SHA 534209ea90511c640c9c4b516086590dd4287666 with commit message 'chore: Promote hello-4-1 to version 0.0.2' into base branch master

Showing logs for build [32mmathieucasse-environment-jenkin-k778b-1[0m stage [32mfrom-build-pack[0m and container [32mstep-build-helm-build[0m
WARNING: No $CHART_REPOSITORY defined so using the default value of: http://jenkins-x-chartmuseum:8080
Adding missing Helm repo: storage.googleapis.com https://storage.googleapis.com/chartmuseum.jenkins-x.io
Successfully added Helm repository storage.googleapis.com.
Adding missing Helm repo: jenkins-x-chartmuseum http://jenkins-x-chartmuseum:8080
Successfully added Helm repository jenkins-x-chartmuseum.
WARNING: No $CHART_REPOSITORY defined so using the default value of: http://jenkins-x-chartmuseum:8080
Adding missing Helm repo: chartmuseum.jenkins-x.io http://chartmuseum.jenkins-x.io
Successfully added Helm repository chartmuseum.jenkins-x.io.
